[INFO] Scanning for projects...
[WARNING] 
[WARNING] Some problems were encountered while building the effective model for org.example:SeleniumCucumber:jar:1.0-SNAPSHOT
[WARNING] 'build.plugins.plugin.version' for org.apache.maven.plugins:maven-surefire-plugin is missing. @ line 35, column 21
[WARNING] 
[WARNING] It is highly recommended to fix these problems because they threaten the stability of your build.
[WARNING] 
[WARNING] For this reason, future Maven versions might no longer support building such malformed projects.
[WARNING] 
[INFO] 
[INFO] --------------------< org.example:SeleniumCucumber >--------------------
[INFO] Building SeleniumCucumber 1.0-SNAPSHOT
[INFO] --------------------------------[ jar ]---------------------------------
[INFO] 
[INFO] --- maven-clean-plugin:2.5:clean (default-clean) @ SeleniumCucumber ---
[INFO] Deleting C:\Users\onurd\IdeaProjects\SeleniumCucumber\target
[INFO] 
[INFO] --- maven-resources-plugin:2.6:resources (default-resources) @ SeleniumCucumber ---
[WARNING] Using platform encoding (Cp1254 actually) to copy filtered resources, i.e. build is platform dependent!
[INFO] Copying 0 resource
[INFO] 
[INFO] --- maven-compiler-plugin:3.1:compile (default-compile) @ SeleniumCucumber ---
[INFO] Nothing to compile - all classes are up to date
[INFO] 
[INFO] --- maven-resources-plugin:2.6:testResources (default-testResources) @ SeleniumCucumber ---
[WARNING] Using platform encoding (Cp1254 actually) to copy filtered resources, i.e. build is platform dependent!
[INFO] skip non existing resourceDirectory C:\Users\onurd\IdeaProjects\SeleniumCucumber\src\test\resources
[INFO] 
[INFO] --- maven-compiler-plugin:3.1:testCompile (default-testCompile) @ SeleniumCucumber ---
[INFO] Changes detected - recompiling the module!
[WARNING] File encoding has not been set, using platform encoding Cp1254, i.e. build is platform dependent!
[INFO] Compiling 2 source files to C:\Users\onurd\IdeaProjects\SeleniumCucumber\target\test-classes
[INFO] -------------------------------------------------------------
[ERROR] COMPILATION ERROR : 
[INFO] -------------------------------------------------------------
[ERROR] /C:/Users/onurd/IdeaProjects/SeleniumCucumber/src/test/java/TestCases/LoginTest.java:[21,18] illegal character: '\u00b1'
[ERROR] /C:/Users/onurd/IdeaProjects/SeleniumCucumber/src/test/java/TestCases/LoginTest.java:[21,19] invalid method declaration; return type required
[INFO] 2 errors 
[INFO] -------------------------------------------------------------
[INFO] ------------------------------------------------------------------------
[INFO] BUILD FAILURE
[INFO] ------------------------------------------------------------------------
[INFO] Total time:  1.115 s
[INFO] Finished at: 2020-05-28T01:21:02+03:00
[INFO] ------------------------------------------------------------------------
[ERROR] Failed to execute goal org.apache.maven.plugins:maven-compiler-plugin:3.1:testCompile (default-testCompile) on project SeleniumCucumber: Compilation failure: Compilation failure: 
[ERROR] /C:/Users/onurd/IdeaProjects/SeleniumCucumber/src/test/java/TestCases/LoginTest.java:[21,18] illegal character: '\u00b1'
[ERROR] /C:/Users/onurd/IdeaProjects/SeleniumCucumber/src/test/java/TestCases/LoginTest.java:[21,19] invalid method declaration; return type required
[ERROR] -> [Help 1]
[ERROR] 
[ERROR] To see the full stack trace of the errors, re-run Maven with the -e switch.
[ERROR] Re-run Maven using the -X switch to enable full debug logging.
[ERROR] 
[ERROR] For more information about the errors and possible solutions, please read the following articles:
[ERROR] [Help 1] http://cwiki.apache.org/confluence/display/MAVEN/MojoFailureException
